Start testing: Jun 05 19:54 -03
----------------------------------------------------------
5/5 Testing: commands_parser_test
5/5 Test: commands_parser_test
Command: "/home/nrossi/workspace/protos/TPE-Protos/test/cmake-build-debug/commands_parser_test"
Directory: /home/nrossi/workspace/protos/TPE-Protos/test/cmake-build-debug
"commands_parser_test" start time: Jun 05 19:54 -03
Output:
----------------------------------------------------------
Running suite(s): cmd_parser_utils
DEBUG: /home/nrossi/workspace/protos/TPE-Protos/test/commands_parser_test.c:71, Read char: U
DEBUG: /home/nrossi/workspace/protos/TPE-Protos/test/../src/parsers/commands_parser.c:103, may matched: USER 
DEBUG: /home/nrossi/workspace/protos/TPE-Protos/test/../src/parsers/commands_parser.c:106, Command did not matched: PASS 
DEBUG: /home/nrossi/workspace/protos/TPE-Protos/test/../src/parsers/commands_parser.c:106, Command did not matched: STAT

DEBUG: /home/nrossi/workspace/protos/TPE-Protos/test/../src/parsers/commands_parser.c:106, Command did not matched: LIST 
DEBUG: /home/nrossi/workspace/protos/TPE-Protos/test/../src/parsers/commands_parser.c:106, Command did not matched: RETR 
DEBUG: /home/nrossi/workspace/protos/TPE-Protos/test/../src/parsers/commands_parser.c:106, Command did not matched: DELE 
DEBUG: /home/nrossi/workspace/protos/TPE-Protos/test/../src/parsers/commands_parser.c:106, Command did not matched: NOOP

DEBUG: /home/nrossi/workspace/protos/TPE-Protos/test/../src/parsers/commands_parser.c:106, Command did not matched: QUIT

DEBUG: /home/nrossi/workspace/protos/TPE-Protos/test/commands_parser_test.c:71, Read char: S
DEBUG: /home/nrossi/workspace/protos/TPE-Protos/test/../src/parsers/commands_parser.c:103, may matched: USER 
DEBUG: /home/nrossi/workspace/protos/TPE-Protos/test/commands_parser_test.c:71, Read char: E
DEBUG: /home/nrossi/workspace/protos/TPE-Protos/test/../src/parsers/commands_parser.c:103, may matched: USER 
DEBUG: /home/nrossi/workspace/protos/TPE-Protos/test/commands_parser_test.c:71, Read char: R
DEBUG: /home/nrossi/workspace/protos/TPE-Protos/test/../src/parsers/commands_parser.c:103, may matched: USER 
DEBUG: /home/nrossi/workspace/protos/TPE-Protos/test/commands_parser_test.c:71, Read char:  
DEBUG: /home/nrossi/workspace/protos/TPE-Protos/test/../src/parsers/commands_parser.c:94, Command matched: USER 
DEBUG: /home/nrossi/workspace/protos/TPE-Protos/test/../src/parsers/commands_parser.c:128, Found CRLF
DEBUG: /home/nrossi/workspace/protos/TPE-Protos/test/../src/parsers/commands_parser.c:136, [consume_until_crlf] ret: pr0t0s, readBytes: 7
DEBUG: /home/nrossi/workspace/protos/TPE-Protos/test/commands_parser_test.c:99, Command args: pr0t0s
DEBUG: /home/nrossi/workspace/protos/TPE-Protos/test/../src/parsers/commands_parser.c:168, ===========================================
DEBUG: /home/nrossi/workspace/protos/TPE-Protos/test/../src/parsers/commands_parser.c:169, Printing parsed commands in queue...
DEBUG: /home/nrossi/workspace/protos/TPE-Protos/test/../src/parsers/commands_parser.c:173, name: USER 
DEBUG: /home/nrossi/workspace/protos/TPE-Protos/test/../src/parsers/commands_parser.c:174, args: pr0t0s
DEBUG: /home/nrossi/workspace/protos/TPE-Protos/test/../src/parsers/commands_parser.c:177, ===========================================
DEBUG: /home/nrossi/workspace/protos/TPE-Protos/test/commands_parser_test.c:105, Command args: pr0t0s
100%: Checks: 1, Failures: 0, Errors: 0
<end of output>
Test time =   0.01 sec
----------------------------------------------------------
Test Passed.
"commands_parser_test" end time: Jun 05 19:54 -03
"commands_parser_test" time elapsed: 00:00:00
----------------------------------------------------------

End testing: Jun 05 19:54 -03
