Start testing: May 28 22:52 -03
----------------------------------------------------------
3/3 Testing: commands_parser_test
3/3 Test: commands_parser_test
Command: "/home/nrossi/workspace/protos/TPE-Protos/test/cmake-build-debug/commands_parser_test"
Directory: /home/nrossi/workspace/protos/TPE-Protos/test/cmake-build-debug
"commands_parser_test" start time: May 28 22:52 -03
Output:
----------------------------------------------------------
Running suite(s): cmd_parser_utils
100%: Checks: 4, Failures: 0, Errors: 0
<end of output>
Test time =   0.00 sec
----------------------------------------------------------
Test Passed.
"commands_parser_test" end time: May 28 22:52 -03
"commands_parser_test" time elapsed: 00:00:00
----------------------------------------------------------

End testing: May 28 22:52 -03
